<?xml version="1.0" encoding="UTF-8"?>
<testng-results skipped="0" failed="0" ignored="0" total="2" passed="2">
  <reporter-output>
  </reporter-output>
  <suite name="Suite" duration-ms="19495" started-at="2020-06-13T19:42:56Z" finished-at="2020-06-13T19:43:15Z">
    <groups>
    </groups>
    <test name="Test" duration-ms="19495" started-at="2020-06-13T19:42:56Z" finished-at="2020-06-13T19:43:15Z">
      <class name="pageTest.LoginTest">
        <test-method status="PASS" signature="openBrowser()[pri:0, instance:pageTest.LoginTest@59fa1d9b]" name="openBrowser" is-config="true" duration-ms="16437" started-at="2020-06-13T19:42:39Z" finished-at="2020-06-13T19:42:56Z">
          <reporter-output>
          </reporter-output>
        </test-method> <!-- openBrowser -->
        <test-method status="PASS" signature="validateSignIn(java.lang.String)[pri:0, instance:pageTest.LoginTest@59fa1d9b]" name="validateSignIn" duration-ms="10005" started-at="2020-06-13T19:42:56Z" data-provider="data" finished-at="2020-06-13T19:43:06Z">
          <params>
            <param index="0">
              <value>
                <![CDATA[expample@gmail.com]]>
              </value>
            </param>
          </params>
          <reporter-output>
          </reporter-output>
        </test-method> <!-- validateSignIn -->
        <test-method status="PASS" signature="validateSignIn(java.lang.String)[pri:0, instance:pageTest.LoginTest@59fa1d9b]" name="validateSignIn" duration-ms="9448" started-at="2020-06-13T19:43:06Z" data-provider="data" finished-at="2020-06-13T19:43:15Z">
          <params>
            <param index="0">
              <value>
                <![CDATA[2nd@mail.com]]>
              </value>
            </param>
          </params>
          <reporter-output>
          </reporter-output>
        </test-method> <!-- validateSignIn -->
      </class> <!-- pageTest.LoginTest -->
    </test> <!-- Test -->
  </suite> <!-- Suite -->
</testng-results>
